<?xml version="1.0" encoding="UTF-8"?>
<!-- Generated by org.testng.reporters.JUnitXMLReporter -->
<testsuite hostname="Khursheeds-MacBook-Air.local" ignored="0" name="Test" tests="8" failures="0" timestamp="2020-03-21T23:42:01 PDT" time="100.013" errors="0">
  <testcase name="TC02_IncorrectPassword" time="16.094" classname="XEROAutomationTestSuite.XEROAutomationTestSuite.XEROTestCases"/>
  <testcase name="TC03_IncorrectEmail" time="11.415" classname="XEROAutomationTestSuite.XEROAutomationTestSuite.XEROTestCases"/>
  <testcase name="TC04_ForgotPassword" time="19.214" classname="XEROAutomationTestSuite.XEROAutomationTestSuite.XEROTestCases"/>
  <testcase name="TC05_SignUpToXDC" time="8.778" classname="XEROAutomationTestSuite.XEROAutomationTestSuite.XEROTestCases"/>
  <testcase name="TC06_SignUpToXDC" time="9.278" classname="XEROAutomationTestSuite.XEROAutomationTestSuite.XEROTestCases"/>
  <testcase name="TC07_SignUpToXDC" time="16.456" classname="XEROAutomationTestSuite.XEROAutomationTestSuite.XEROTestCases"/>
  <testcase name="TC08_SignUpToXDC" time="6.546" classname="XEROAutomationTestSuite.XEROAutomationTestSuite.XEROTestCases"/>
  <testcase name="TC09_SignUpToXDC" time="7.539" classname="XEROAutomationTestSuite.XEROAutomationTestSuite.XEROTestCases"/>
</testsuite> <!-- Test -->
